<?xml version="1.0" encoding="UTF-8"?>
<!-- Generated by org.testng.reporters.JUnitReportReporter -->
<testsuite hostname="TBIN-WLT-082213" failures="0" tests="2" name="com.AppiumFrameworkDesign.ecommerce_tc_4_Hybrid" time="119.134" errors="0" timestamp="2023-04-21T16:43:38 IST" skipped="0">
  <testcase classname="com.AppiumFrameworkDesign.ecommerce_tc_4_Hybrid" name="CheckouttoHybrid" time="76.202"/>
  <system-out/>
  <testcase classname="com.AppiumFrameworkDesign.ecommerce_tc_4_Hybrid" name="CheckouttoHybrid" time="42.932"/>
  <system-out/>
</testsuite> <!-- com.AppiumFrameworkDesign.ecommerce_tc_4_Hybrid -->
